<?xml version="1.0" encoding="UTF-8"?>
<testng-results skipped="0" failed="0" total="2" passed="2">
  <reporter-output>
  </reporter-output>
  <suite name="Default suite" duration-ms="3274" started-at="2014-06-14T17:39:05Z" finished-at="2014-06-14T17:39:08Z">
    <groups>
    </groups>
    <test name="Default test" duration-ms="3274" started-at="2014-06-14T17:39:05Z" finished-at="2014-06-14T17:39:08Z">
      <class name="com.hashedin.webclient.IderaWebclient">
        <test-method status="PASS" signature="GET()[pri:0, instance:com.hashedin.webclient.IderaWebclient@2ac1fdc4]" name="GET" duration-ms="2286" started-at="2014-06-14T23:09:05Z" finished-at="2014-06-14T23:09:07Z">
          <reporter-output>
          </reporter-output>
        </test-method> <!-- GET -->
        <test-method status="PASS" signature="POST()[pri:0, instance:com.hashedin.webclient.IderaWebclient@2ac1fdc4]" name="POST" duration-ms="922" started-at="2014-06-14T23:09:07Z" finished-at="2014-06-14T23:09:08Z">
          <reporter-output>
          </reporter-output>
        </test-method> <!-- POST -->
      </class> <!-- com.hashedin.webclient.IderaWebclient -->
    </test> <!-- Default test -->
  </suite> <!-- Default suite -->
</testng-results>
