<?xml version="1.0" encoding="UTF-8"?>
<testng-results skipped="0" failed="0" total="2" passed="2">
  <reporter-output>
  </reporter-output>
  <suite name="Default suite" duration-ms="3703" started-at="2014-06-14T03:19:02Z" finished-at="2014-06-14T03:19:06Z">
    <groups>
    </groups>
    <test name="Default test" duration-ms="3703" started-at="2014-06-14T03:19:02Z" finished-at="2014-06-14T03:19:06Z">
      <class name="com.hashedin.webclient.IderaWebclient">
        <test-method status="PASS" signature="GET()[pri:0, instance:com.hashedin.webclient.IderaWebclient@1c53fd30]" name="GET" duration-ms="1123" started-at="2014-06-14T08:49:02Z" finished-at="2014-06-14T08:49:03Z">
          <reporter-output>
          </reporter-output>
        </test-method> <!-- GET -->
        <test-method status="PASS" signature="POST()[pri:0, instance:com.hashedin.webclient.IderaWebclient@1c53fd30]" name="POST" duration-ms="2558" started-at="2014-06-14T08:49:03Z" finished-at="2014-06-14T08:49:06Z">
          <reporter-output>
          </reporter-output>
        </test-method> <!-- POST -->
      </class> <!-- com.hashedin.webclient.IderaWebclient -->
    </test> <!-- Default test -->
  </suite> <!-- Default suite -->
</testng-results>
